08:08 13:47:41.432 [background-preinit] [INFO] [org.hibernate.validator.internal.util.Version] - HV000001: Hibernate Validator 6.2.0.Final
08:08 13:47:41.474 [main] [INFO] [com.tutorial.configservice.ConfigServiceApplication] - Starting ConfigServiceApplication using Java 15.0.1 on ARBASWFNTB01 with PID 1780 (C:\Users\YAlmea\git\AlodigaMiddlewareAPIConfig\config-service\target\classes started by YAlmea in C:\Users\YAlmea\git\AlodigaMiddlewareAPIConfig\config-service)
08:08 13:47:41.479 [main] [INFO] [com.tutorial.configservice.ConfigServiceApplication] - No active profile set, falling back to default profiles: default
08:08 13:47:42.304 [main] [INFO] [org.springframework.cloud.context.scope.GenericScope] - BeanFactory id=3d9a3554-ff5c-34bc-b3ab-919bd82f4571
08:08 13:47:42.602 [main] [INFO] [org.springframework.boot.web.embedded.tomcat.TomcatWebServer] - Tomcat initialized with port(s): 8081 (http)
08:08 13:47:42.621 [main] [INFO] [org.apache.coyote.http11.Http11NioProtocol] - Initializing ProtocolHandler ["http-nio-8081"]
08:08 13:47:42.622 [main] [INFO] [org.apache.catalina.core.StandardService] - Starting service [Tomcat]
08:08 13:47:42.622 [main] [INFO] [org.apache.catalina.core.StandardEngine] - Starting Servlet engine: [Apache Tomcat/9.0.52]
08:08 13:47:42.775 [main] [INFO] [org.apache.catalina.core.ContainerBase.[Tomcat].[localhost].[/]] - Initializing Spring embedded WebApplicationContext
08:08 13:47:42.775 [main] [INFO] [org.springframework.boot.web.servlet.context.ServletWebServerApplicationContext] - Root WebApplicationContext: initialization completed in 1255 ms
08:08 13:47:44.340 [main] [INFO] [org.springframework.cloud.commons.util.InetUtils] - Cannot determine local hostname
08:08 13:47:44.719 [main] [INFO] [org.apache.coyote.http11.Http11NioProtocol] - Starting ProtocolHandler ["http-nio-8081"]
08:08 13:47:44.746 [main] [INFO] [org.springframework.boot.web.embedded.tomcat.TomcatWebServer] - Tomcat started on port(s): 8081 (http) with context path ''
08:08 13:47:45.943 [main] [INFO] [org.springframework.cloud.commons.util.InetUtils] - Cannot determine local hostname
08:08 13:47:45.956 [main] [INFO] [com.tutorial.configservice.ConfigServiceApplication] - Started ConfigServiceApplication in 6.113 seconds (JVM running for 7.517)
08:08 13:48:58.960 [http-nio-8081-exec-1] [INFO] [org.apache.catalina.core.ContainerBase.[Tomcat].[localhost].[/]] - Initializing Spring DispatcherServlet 'dispatcherServlet'
08:08 13:48:58.960 [http-nio-8081-exec-1] [INFO] [org.springframework.web.servlet.DispatcherServlet] - Initializing Servlet 'dispatcherServlet'
08:08 13:48:58.961 [http-nio-8081-exec-1] [INFO] [org.springframework.web.servlet.DispatcherServlet] - Completed initialization in 0 ms
08:08 13:49:02.199 [http-nio-8081-exec-1] [INFO] [org.springframework.cloud.config.server.environment.NativeEnvironmentRepository] - Adding property source: Config resource 'file [C:\Users\YAlmea\AppData\Local\Temp\config-repo-10852043531541189916\config-data\eureka-service.yaml]' via location 'file:/C:/Users/YAlmea/AppData/Local/Temp/config-repo-10852043531541189916/config-data/'
08:08 13:49:17.281 [RMI TCP Connection(5)-127.0.0.1] [INFO] [org.springframework.boot.admin.SpringApplicationAdminMXBeanRegistrar$SpringApplicationAdmin] - Application shutdown requested.
08:08 13:52:49.347 [main] [INFO] [org.springframework.boot.test.context.SpringBootTestContextBootstrapper] - Neither @ContextConfiguration nor @ContextHierarchy found for test class [com.tutorial.configservice.ConfigServiceApplicationTests], using SpringBootContextLoader
08:08 13:52:49.375 [main] [INFO] [org.springframework.test.context.support.AbstractContextLoader] - Could not detect default resource locations for test class [com.tutorial.configservice.ConfigServiceApplicationTests]: no resource found for suffixes {-context.xml, Context.groovy}.
08:08 13:52:49.377 [main] [INFO] [org.springframework.test.context.support.AnnotationConfigContextLoaderUtils] - Could not detect default configuration classes for test class [com.tutorial.configservice.ConfigServiceApplicationTests]: ConfigServiceApplicationTests does not declare any static, non-private, non-final, nested classes annotated with @Configuration.
08:08 13:52:49.762 [main] [INFO] [org.springframework.boot.test.context.SpringBootTestContextBootstrapper] - Found @SpringBootConfiguration com.tutorial.configservice.ConfigServiceApplication for test class com.tutorial.configservice.ConfigServiceApplicationTests
08:08 13:52:50.099 [main] [INFO] [org.springframework.boot.test.context.SpringBootTestContextBootstrapper] - Loaded default TestExecutionListener class names from location [META-INF/spring.factories]: [org.springframework.boot.test.mock.mockito.MockitoTestExecutionListener, org.springframework.boot.test.mock.mockito.ResetMocksTestExecutionListener, org.springframework.boot.test.autoconfigure.restdocs.RestDocsTestExecutionListener, org.springframework.boot.test.autoconfigure.web.client.MockRestServiceServerResetTestExecutionListener, org.springframework.boot.test.autoconfigure.web.servlet.MockMvcPrintOnlyOnFailureTestExecutionListener, org.springframework.boot.test.autoconfigure.web.servlet.WebDriverTestExecutionListener, org.springframework.boot.test.autoconfigure.webservices.client.MockWebServiceServerTestExecutionListener, org.springframework.test.context.web.ServletTestExecutionListener, org.springframework.test.context.support.DirtiesContextBeforeModesTestExecutionListener, org.springframework.test.context.event.ApplicationEventsTestExecutionListener, org.springframework.test.context.support.DependencyInjectionTestExecutionListener, org.springframework.test.context.support.DirtiesContextTestExecutionListener, org.springframework.test.context.transaction.TransactionalTestExecutionListener, org.springframework.test.context.jdbc.SqlScriptsTestExecutionListener, org.springframework.test.context.event.EventPublishingTestExecutionListener]
08:08 13:52:50.201 [main] [INFO] [org.springframework.boot.test.context.SpringBootTestContextBootstrapper] - Using TestExecutionListeners: [org.springframework.test.context.web.ServletTestExecutionListener@55b5e331, org.springframework.test.context.support.DirtiesContextBeforeModesTestExecutionListener@6034e75d, org.springframework.test.context.event.ApplicationEventsTestExecutionListener@15fc442, org.springframework.boot.test.mock.mockito.MockitoTestExecutionListener@3f3c7bdb, org.springframework.boot.test.autoconfigure.SpringBootDependencyInjectionTestExecutionListener@456abb66, org.springframework.test.context.support.DirtiesContextTestExecutionListener@2a3a299, org.springframework.test.context.event.EventPublishingTestExecutionListener@7da10b5b, org.springframework.boot.test.mock.mockito.ResetMocksTestExecutionListener@219f4597, org.springframework.boot.test.autoconfigure.restdocs.RestDocsTestExecutionListener@31be6b49, org.springframework.boot.test.autoconfigure.web.client.MockRestServiceServerResetTestExecutionListener@2e16b08d, org.springframework.boot.test.autoconfigure.web.servlet.MockMvcPrintOnlyOnFailureTestExecutionListener@5b989dc7, org.springframework.boot.test.autoconfigure.web.servlet.WebDriverTestExecutionListener@70d8de, org.springframework.boot.test.autoconfigure.webservices.client.MockWebServiceServerTestExecutionListener@42561fba]
08:08 13:52:53.241 [background-preinit] [INFO] [org.hibernate.validator.internal.util.Version] - HV000001: Hibernate Validator 6.2.0.Final
08:08 13:52:53.304 [main] [INFO] [com.tutorial.configservice.ConfigServiceApplicationTests] - Starting ConfigServiceApplicationTests using Java 11.0.11 on ARBASWFNTB01 with PID 27392 (started by YAlmea in C:\Users\YAlmea\git\AlodigaMiddlewareAPIConfig\config-service)
08:08 13:52:53.310 [main] [INFO] [com.tutorial.configservice.ConfigServiceApplicationTests] - No active profile set, falling back to default profiles: default
08:08 13:52:55.871 [main] [INFO] [org.springframework.cloud.context.scope.GenericScope] - BeanFactory id=2dbed8bd-4ac0-3eed-99d5-f3a49b30cdb3
08:08 13:53:00.080 [main] [INFO] [org.springframework.cloud.commons.util.InetUtils] - Cannot determine local hostname
08:08 13:53:01.977 [main] [INFO] [com.tutorial.configservice.ConfigServiceApplicationTests] - Started ConfigServiceApplicationTests in 11.608 seconds (JVM running for 15.781)
08:08 15:44:46.703 [main] [INFO] [org.springframework.boot.test.context.SpringBootTestContextBootstrapper] - Neither @ContextConfiguration nor @ContextHierarchy found for test class [com.tutorial.configservice.ConfigServiceApplicationTests], using SpringBootContextLoader
08:08 15:44:46.726 [main] [INFO] [org.springframework.test.context.support.AbstractContextLoader] - Could not detect default resource locations for test class [com.tutorial.configservice.ConfigServiceApplicationTests]: no resource found for suffixes {-context.xml, Context.groovy}.
08:08 15:44:46.728 [main] [INFO] [org.springframework.test.context.support.AnnotationConfigContextLoaderUtils] - Could not detect default configuration classes for test class [com.tutorial.configservice.ConfigServiceApplicationTests]: ConfigServiceApplicationTests does not declare any static, non-private, non-final, nested classes annotated with @Configuration.
08:08 15:44:46.952 [main] [INFO] [org.springframework.boot.test.context.SpringBootTestContextBootstrapper] - Found @SpringBootConfiguration com.tutorial.configservice.ConfigServiceApplication for test class com.tutorial.configservice.ConfigServiceApplicationTests
08:08 15:44:47.163 [main] [INFO] [org.springframework.boot.test.context.SpringBootTestContextBootstrapper] - Loaded default TestExecutionListener class names from location [META-INF/spring.factories]: [org.springframework.boot.test.mock.mockito.MockitoTestExecutionListener, org.springframework.boot.test.mock.mockito.ResetMocksTestExecutionListener, org.springframework.boot.test.autoconfigure.restdocs.RestDocsTestExecutionListener, org.springframework.boot.test.autoconfigure.web.client.MockRestServiceServerResetTestExecutionListener, org.springframework.boot.test.autoconfigure.web.servlet.MockMvcPrintOnlyOnFailureTestExecutionListener, org.springframework.boot.test.autoconfigure.web.servlet.WebDriverTestExecutionListener, org.springframework.boot.test.autoconfigure.webservices.client.MockWebServiceServerTestExecutionListener, org.springframework.test.context.web.ServletTestExecutionListener, org.springframework.test.context.support.DirtiesContextBeforeModesTestExecutionListener, org.springframework.test.context.event.ApplicationEventsTestExecutionListener, org.springframework.test.context.support.DependencyInjectionTestExecutionListener, org.springframework.test.context.support.DirtiesContextTestExecutionListener, org.springframework.test.context.transaction.TransactionalTestExecutionListener, org.springframework.test.context.jdbc.SqlScriptsTestExecutionListener, org.springframework.test.context.event.EventPublishingTestExecutionListener]
08:08 15:44:47.191 [main] [INFO] [org.springframework.boot.test.context.SpringBootTestContextBootstrapper] - Using TestExecutionListeners: [org.springframework.test.context.web.ServletTestExecutionListener@64711bf2, org.springframework.test.context.support.DirtiesContextBeforeModesTestExecutionListener@169da7f2, org.springframework.test.context.event.ApplicationEventsTestExecutionListener@3c1e23ff, org.springframework.boot.test.mock.mockito.MockitoTestExecutionListener@ceb4bd2, org.springframework.boot.test.autoconfigure.SpringBootDependencyInjectionTestExecutionListener@60297f36, org.springframework.test.context.support.DirtiesContextTestExecutionListener@1bf0f6f6, org.springframework.test.context.event.EventPublishingTestExecutionListener@56bc3fac, org.springframework.boot.test.mock.mockito.ResetMocksTestExecutionListener@df4b72, org.springframework.boot.test.autoconfigure.restdocs.RestDocsTestExecutionListener@2ba45490, org.springframework.boot.test.autoconfigure.web.client.MockRestServiceServerResetTestExecutionListener@37ff4054, org.springframework.boot.test.autoconfigure.web.servlet.MockMvcPrintOnlyOnFailureTestExecutionListener@894858, org.springframework.boot.test.autoconfigure.web.servlet.WebDriverTestExecutionListener@7af707e0, org.springframework.boot.test.autoconfigure.webservices.client.MockWebServiceServerTestExecutionListener@737edcfa]
08:08 15:44:49.543 [background-preinit] [INFO] [org.hibernate.validator.internal.util.Version] - HV000001: Hibernate Validator 6.2.0.Final
08:08 15:44:49.600 [main] [INFO] [com.tutorial.configservice.ConfigServiceApplicationTests] - Starting ConfigServiceApplicationTests using Java 11.0.11 on ARBASWFNTB01 with PID 22284 (started by YAlmea in C:\Users\YAlmea\git\AlodigaMiddlewareAPIConfig\config-service)
08:08 15:44:49.606 [main] [INFO] [com.tutorial.configservice.ConfigServiceApplicationTests] - No active profile set, falling back to default profiles: default
08:08 15:44:51.583 [main] [INFO] [org.springframework.cloud.context.scope.GenericScope] - BeanFactory id=2dbed8bd-4ac0-3eed-99d5-f3a49b30cdb3
08:08 15:44:55.612 [main] [INFO] [org.springframework.cloud.commons.util.InetUtils] - Cannot determine local hostname
08:08 15:44:57.094 [main] [INFO] [com.tutorial.configservice.ConfigServiceApplicationTests] - Started ConfigServiceApplicationTests in 9.802 seconds (JVM running for 12.9)
08:08 15:50:34.001 [background-preinit] [INFO] [org.hibernate.validator.internal.util.Version] - HV000001: Hibernate Validator 6.2.0.Final
08:08 15:50:34.041 [main] [INFO] [com.tutorial.configservice.ConfigServiceApplication] - Starting ConfigServiceApplication using Java 15.0.1 on ARBASWFNTB01 with PID 22744 (C:\Users\YAlmea\git\AlodigaMiddlewareAPIConfig\config-service\target\classes started by YAlmea in C:\Users\YAlmea\git\AlodigaMiddlewareAPIConfig\config-service)
08:08 15:50:34.044 [main] [INFO] [com.tutorial.configservice.ConfigServiceApplication] - No active profile set, falling back to default profiles: default
08:08 15:50:34.764 [main] [INFO] [org.springframework.cloud.context.scope.GenericScope] - BeanFactory id=3d9a3554-ff5c-34bc-b3ab-919bd82f4571
08:08 15:50:35.060 [main] [INFO] [org.springframework.boot.web.embedded.tomcat.TomcatWebServer] - Tomcat initialized with port(s): 8085 (http)
08:08 15:50:35.079 [main] [INFO] [org.apache.coyote.http11.Http11NioProtocol] - Initializing ProtocolHandler ["http-nio-8085"]
08:08 15:50:35.080 [main] [INFO] [org.apache.catalina.core.StandardService] - Starting service [Tomcat]
08:08 15:50:35.080 [main] [INFO] [org.apache.catalina.core.StandardEngine] - Starting Servlet engine: [Apache Tomcat/9.0.52]
08:08 15:50:35.231 [main] [INFO] [org.apache.catalina.core.ContainerBase.[Tomcat].[localhost].[/]] - Initializing Spring embedded WebApplicationContext
08:08 15:50:35.231 [main] [INFO] [org.springframework.boot.web.servlet.context.ServletWebServerApplicationContext] - Root WebApplicationContext: initialization completed in 1151 ms
08:08 15:50:36.828 [main] [INFO] [org.springframework.cloud.commons.util.InetUtils] - Cannot determine local hostname
08:08 15:50:37.223 [main] [INFO] [org.apache.coyote.http11.Http11NioProtocol] - Starting ProtocolHandler ["http-nio-8085"]
08:08 15:50:37.248 [main] [INFO] [org.springframework.boot.web.embedded.tomcat.TomcatWebServer] - Tomcat started on port(s): 8085 (http) with context path ''
08:08 15:50:38.439 [main] [INFO] [org.springframework.cloud.commons.util.InetUtils] - Cannot determine local hostname
08:08 15:50:38.449 [main] [INFO] [com.tutorial.configservice.ConfigServiceApplication] - Started ConfigServiceApplication in 5.961 seconds (JVM running for 7.165)
08:08 15:50:54.555 [http-nio-8085-exec-1] [INFO] [org.apache.catalina.core.ContainerBase.[Tomcat].[localhost].[/]] - Initializing Spring DispatcherServlet 'dispatcherServlet'
08:08 15:50:54.555 [http-nio-8085-exec-1] [INFO] [org.springframework.web.servlet.DispatcherServlet] - Initializing Servlet 'dispatcherServlet'
08:08 15:50:54.556 [http-nio-8085-exec-1] [INFO] [org.springframework.web.servlet.DispatcherServlet] - Completed initialization in 1 ms
08:08 15:50:57.753 [http-nio-8085-exec-1] [INFO] [org.springframework.cloud.config.server.environment.NativeEnvironmentRepository] - Adding property source: Config resource 'file [C:\Users\YAlmea\AppData\Local\Temp\config-repo-14216915971476053661\config-data\eureka-service.yaml]' via location 'file:/C:/Users/YAlmea/AppData/Local/Temp/config-repo-14216915971476053661/config-data/'
08:08 15:55:40.879 [RMI TCP Connection(7)-127.0.0.1] [INFO] [org.springframework.boot.admin.SpringApplicationAdminMXBeanRegistrar$SpringApplicationAdmin] - Application shutdown requested.
08:08 16:14:53.467 [background-preinit] [INFO] [org.hibernate.validator.internal.util.Version] - HV000001: Hibernate Validator 6.2.0.Final
08:08 16:14:53.506 [main] [INFO] [com.tutorial.configservice.ConfigServiceApplication] - Starting ConfigServiceApplication using Java 15.0.1 on ARBASWFNTB01 with PID 26808 (C:\Users\YAlmea\git\AlodigaMiddlewareAPIConfig\config-service\target\classes started by YAlmea in C:\Users\YAlmea\git\AlodigaMiddlewareAPIConfig\config-service)
08:08 16:14:53.510 [main] [INFO] [com.tutorial.configservice.ConfigServiceApplication] - No active profile set, falling back to default profiles: default
08:08 16:14:54.189 [main] [INFO] [org.springframework.cloud.context.scope.GenericScope] - BeanFactory id=3d9a3554-ff5c-34bc-b3ab-919bd82f4571
08:08 16:14:54.429 [main] [INFO] [org.springframework.boot.web.embedded.tomcat.TomcatWebServer] - Tomcat initialized with port(s): 8085 (http)
08:08 16:14:54.445 [main] [INFO] [org.apache.coyote.http11.Http11NioProtocol] - Initializing ProtocolHandler ["http-nio-8085"]
08:08 16:14:54.446 [main] [INFO] [org.apache.catalina.core.StandardService] - Starting service [Tomcat]
08:08 16:14:54.446 [main] [INFO] [org.apache.catalina.core.StandardEngine] - Starting Servlet engine: [Apache Tomcat/9.0.52]
08:08 16:14:54.575 [main] [INFO] [org.apache.catalina.core.ContainerBase.[Tomcat].[localhost].[/]] - Initializing Spring embedded WebApplicationContext
08:08 16:14:54.575 [main] [INFO] [org.springframework.boot.web.servlet.context.ServletWebServerApplicationContext] - Root WebApplicationContext: initialization completed in 1029 ms
08:08 16:14:56.149 [main] [INFO] [org.springframework.cloud.commons.util.InetUtils] - Cannot determine local hostname
08:08 16:14:56.547 [main] [INFO] [org.apache.coyote.http11.Http11NioProtocol] - Starting ProtocolHandler ["http-nio-8085"]
08:08 16:14:56.573 [main] [INFO] [org.springframework.boot.web.embedded.tomcat.TomcatWebServer] - Tomcat started on port(s): 8085 (http) with context path ''
08:08 16:14:57.762 [main] [INFO] [org.springframework.cloud.commons.util.InetUtils] - Cannot determine local hostname
08:08 16:14:57.784 [main] [INFO] [com.tutorial.configservice.ConfigServiceApplication] - Started ConfigServiceApplication in 5.764 seconds (JVM running for 6.734)
08:08 16:15:47.982 [http-nio-8085-exec-1] [INFO] [org.apache.catalina.core.ContainerBase.[Tomcat].[localhost].[/]] - Initializing Spring DispatcherServlet 'dispatcherServlet'
08:08 16:15:47.982 [http-nio-8085-exec-1] [INFO] [org.springframework.web.servlet.DispatcherServlet] - Initializing Servlet 'dispatcherServlet'
08:08 16:15:47.984 [http-nio-8085-exec-1] [INFO] [org.springframework.web.servlet.DispatcherServlet] - Completed initialization in 2 ms
08:08 16:15:51.342 [http-nio-8085-exec-1] [INFO] [org.springframework.cloud.config.server.environment.NativeEnvironmentRepository] - Adding property source: Config resource 'file [C:\Users\YAlmea\AppData\Local\Temp\config-repo-5572299920232036269\config-data\eureka-service.yaml]' via location 'file:/C:/Users/YAlmea/AppData/Local/Temp/config-repo-5572299920232036269/config-data/'
08:08 16:17:02.518 [RMI TCP Connection(4)-127.0.0.1] [INFO] [org.springframework.boot.admin.SpringApplicationAdminMXBeanRegistrar$SpringApplicationAdmin] - Application shutdown requested.
